CRITICAL - 2023-04-10 13:40:15 --> Undefined variable $scrollPosition
in APPPATH/Views/courseProfile.php on line 87.
 1 APPPATH/Views/courseProfile.php(87): CodeIgniter\Debug\Exceptions->errorHandler()
 2 SYSTEMPATH/View/View.php(213): include('APPPATH/Views/courseProfile.php')
 3 SYSTEMPATH/View/View.php(216): CodeIgniter\View\View->CodeIgniter\View\{closure}()
 4 SYSTEMPATH/Common.php(1184): CodeIgniter\View\View->render()
 5 APPPATH/Controllers/CourseProfile.php(11): view()
 6 SYSTEMPATH/CodeIgniter.php(934): App\Controllers\CourseProfile->index()
 7 SYSTEMPATH/CodeIgniter.php(499): CodeIgniter\CodeIgniter->runController()
 8 SYSTEMPATH/CodeIgniter.php(368): CodeIgniter\CodeIgniter->handleRequest()
 9 FCPATH/index.php(67): CodeIgniter\CodeIgniter->run()
CRITICAL - 2023-04-10 13:46:43 --> Call to a member function set() on string
in APPPATH/Controllers/CourseProfile.php on line 12.
 1 SYSTEMPATH/CodeIgniter.php(934): App\Controllers\CourseProfile->index()
 2 SYSTEMPATH/CodeIgniter.php(499): CodeIgniter\CodeIgniter->runController()
 3 SYSTEMPATH/CodeIgniter.php(368): CodeIgniter\CodeIgniter->handleRequest()
 4 FCPATH/index.php(67): CodeIgniter\CodeIgniter->run()
CRITICAL - 2023-04-10 13:47:42 --> Call to a member function setData() on string
in APPPATH/Controllers/CourseProfile.php on line 11.
 1 SYSTEMPATH/CodeIgniter.php(934): App\Controllers\CourseProfile->index()
 2 SYSTEMPATH/CodeIgniter.php(499): CodeIgniter\CodeIgniter->runController()
 3 SYSTEMPATH/CodeIgniter.php(368): CodeIgniter\CodeIgniter->handleRequest()
 4 FCPATH/index.php(67): CodeIgniter\CodeIgniter->run()
CRITICAL - 2023-04-10 13:53:07 --> Undefined variable $scrollPosition
in APPPATH/Views/courseProfile.php on line 87.
 1 APPPATH/Views/courseProfile.php(87): CodeIgniter\Debug\Exceptions->errorHandler()
 2 SYSTEMPATH/View/View.php(213): include('APPPATH/Views/courseProfile.php')
 3 SYSTEMPATH/View/View.php(216): CodeIgniter\View\View->CodeIgniter\View\{closure}()
 4 SYSTEMPATH/Common.php(1184): CodeIgniter\View\View->render()
 5 APPPATH/Controllers/CourseProfile.php(11): view()
 6 SYSTEMPATH/CodeIgniter.php(934): App\Controllers\CourseProfile->index()
 7 SYSTEMPATH/CodeIgniter.php(499): CodeIgniter\CodeIgniter->runController()
 8 SYSTEMPATH/CodeIgniter.php(368): CodeIgniter\CodeIgniter->handleRequest()
 9 FCPATH/index.php(67): CodeIgniter\CodeIgniter->run()
CRITICAL - 2023-04-10 13:54:04 --> Undefined variable $scrollPosition
in APPPATH/Views/courseProfile.php on line 87.
 1 APPPATH/Views/courseProfile.php(87): CodeIgniter\Debug\Exceptions->errorHandler()
 2 SYSTEMPATH/View/View.php(213): include('APPPATH/Views/courseProfile.php')
 3 SYSTEMPATH/View/View.php(216): CodeIgniter\View\View->CodeIgniter\View\{closure}()
 4 SYSTEMPATH/Common.php(1184): CodeIgniter\View\View->render()
 5 APPPATH/Controllers/CourseProfile.php(16): view()
 6 SYSTEMPATH/CodeIgniter.php(934): App\Controllers\CourseProfile->index()
 7 SYSTEMPATH/CodeIgniter.php(499): CodeIgniter\CodeIgniter->runController()
 8 SYSTEMPATH/CodeIgniter.php(368): CodeIgniter\CodeIgniter->handleRequest()
 9 FCPATH/index.php(67): CodeIgniter\CodeIgniter->run()
CRITICAL - 2023-04-10 13:54:59 --> Undefined variable $view
in APPPATH/Controllers/CourseProfile.php on line 16.
 1 APPPATH/Controllers/CourseProfile.php(16): CodeIgniter\Debug\Exceptions->errorHandler()
 2 SYSTEMPATH/CodeIgniter.php(934): App\Controllers\CourseProfile->index()
 3 SYSTEMPATH/CodeIgniter.php(499): CodeIgniter\CodeIgniter->runController()
 4 SYSTEMPATH/CodeIgniter.php(368): CodeIgniter\CodeIgniter->handleRequest()
 5 FCPATH/index.php(67): CodeIgniter\CodeIgniter->run()
ERROR - 2023-04-10 14:02:46 --> mysqli_sql_exception: Operand should contain 1 column(s) in /var/www/htdocs/demo/system/Database/MySQLi/Connection.php:295
Stack trace:
#0 /var/www/htdocs/demo/system/Database/MySQLi/Connection.php(295): mysqli->query()
#1 /var/www/htdocs/demo/system/Database/BaseConnection.php(691): CodeIgniter\Database\MySQLi\Connection->execute()
#2 /var/www/htdocs/demo/system/Database/BaseConnection.php(605): CodeIgniter\Database\BaseConnection->simpleQuery()
#3 /var/www/htdocs/demo/system/Database/BaseBuilder.php(2309): CodeIgniter\Database\BaseConnection->query()
#4 /var/www/htdocs/demo/app/Models/Upload_model.php(17): CodeIgniter\Database\BaseBuilder->insert()
#5 /var/www/htdocs/demo/app/Controllers/Upload.php(32): App\Models\Upload->upload()
#6 /var/www/htdocs/demo/system/CodeIgniter.php(934): App\Controllers\Upload->upload_file()
#7 /var/www/htdocs/demo/system/CodeIgniter.php(499): CodeIgniter\CodeIgniter->runController()
#8 /var/www/htdocs/demo/system/CodeIgniter.php(368): CodeIgniter\CodeIgniter->handleRequest()
#9 /var/www/htdocs/demo/public/index.php(67): CodeIgniter\CodeIgniter->run()
#10 {main}
CRITICAL - 2023-04-10 14:02:46 --> Operand should contain 1 column(s)
in SYSTEMPATH/Database/BaseConnection.php on line 645.
 1 SYSTEMPATH/Database/BaseBuilder.php(2309): CodeIgniter\Database\BaseConnection->query()
 2 APPPATH/Models/Upload_model.php(17): CodeIgniter\Database\BaseBuilder->insert()
 3 APPPATH/Controllers/Upload.php(32): App\Models\Upload->upload()
 4 SYSTEMPATH/CodeIgniter.php(934): App\Controllers\Upload->upload_file()
 5 SYSTEMPATH/CodeIgniter.php(499): CodeIgniter\CodeIgniter->runController()
 6 SYSTEMPATH/CodeIgniter.php(368): CodeIgniter\CodeIgniter->handleRequest()
 7 FCPATH/index.php(67): CodeIgniter\CodeIgniter->run()
ERROR - 2023-04-10 14:10:23 --> mysqli_sql_exception: Operand should contain 1 column(s) in /var/www/htdocs/demo/system/Database/MySQLi/Connection.php:295
Stack trace:
#0 /var/www/htdocs/demo/system/Database/MySQLi/Connection.php(295): mysqli->query()
#1 /var/www/htdocs/demo/system/Database/BaseConnection.php(691): CodeIgniter\Database\MySQLi\Connection->execute()
#2 /var/www/htdocs/demo/system/Database/BaseConnection.php(605): CodeIgniter\Database\BaseConnection->simpleQuery()
#3 /var/www/htdocs/demo/system/Database/BaseBuilder.php(2309): CodeIgniter\Database\BaseConnection->query()
#4 /var/www/htdocs/demo/app/Models/Upload_model.php(17): CodeIgniter\Database\BaseBuilder->insert()
#5 /var/www/htdocs/demo/app/Controllers/Upload.php(32): App\Models\Upload->upload()
#6 /var/www/htdocs/demo/system/CodeIgniter.php(934): App\Controllers\Upload->upload_file()
#7 /var/www/htdocs/demo/system/CodeIgniter.php(499): CodeIgniter\CodeIgniter->runController()
#8 /var/www/htdocs/demo/system/CodeIgniter.php(368): CodeIgniter\CodeIgniter->handleRequest()
#9 /var/www/htdocs/demo/public/index.php(67): CodeIgniter\CodeIgniter->run()
#10 {main}
CRITICAL - 2023-04-10 14:10:23 --> Operand should contain 1 column(s)
in SYSTEMPATH/Database/BaseConnection.php on line 645.
 1 SYSTEMPATH/Database/BaseBuilder.php(2309): CodeIgniter\Database\BaseConnection->query()
 2 APPPATH/Models/Upload_model.php(17): CodeIgniter\Database\BaseBuilder->insert()
 3 APPPATH/Controllers/Upload.php(32): App\Models\Upload->upload()
 4 SYSTEMPATH/CodeIgniter.php(934): App\Controllers\Upload->upload_file()
 5 SYSTEMPATH/CodeIgniter.php(499): CodeIgniter\CodeIgniter->runController()
 6 SYSTEMPATH/CodeIgniter.php(368): CodeIgniter\CodeIgniter->handleRequest()
 7 FCPATH/index.php(67): CodeIgniter\CodeIgniter->run()
ERROR - 2023-04-10 14:22:47 --> mysqli_sql_exception: Operand should contain 1 column(s) in /var/www/htdocs/demo/system/Database/MySQLi/Connection.php:295
Stack trace:
#0 /var/www/htdocs/demo/system/Database/MySQLi/Connection.php(295): mysqli->query()
#1 /var/www/htdocs/demo/system/Database/BaseConnection.php(691): CodeIgniter\Database\MySQLi\Connection->execute()
#2 /var/www/htdocs/demo/system/Database/BaseConnection.php(605): CodeIgniter\Database\BaseConnection->simpleQuery()
#3 /var/www/htdocs/demo/system/Database/BaseBuilder.php(2309): CodeIgniter\Database\BaseConnection->query()
#4 /var/www/htdocs/demo/app/Models/Upload_model.php(17): CodeIgniter\Database\BaseBuilder->insert()
#5 /var/www/htdocs/demo/app/Controllers/Upload.php(32): App\Models\Upload->upload()
#6 /var/www/htdocs/demo/system/CodeIgniter.php(934): App\Controllers\Upload->upload_file()
#7 /var/www/htdocs/demo/system/CodeIgniter.php(499): CodeIgniter\CodeIgniter->runController()
#8 /var/www/htdocs/demo/system/CodeIgniter.php(368): CodeIgniter\CodeIgniter->handleRequest()
#9 /var/www/htdocs/demo/public/index.php(67): CodeIgniter\CodeIgniter->run()
#10 {main}
CRITICAL - 2023-04-10 14:22:47 --> Operand should contain 1 column(s)
in SYSTEMPATH/Database/BaseConnection.php on line 645.
 1 SYSTEMPATH/Database/BaseBuilder.php(2309): CodeIgniter\Database\BaseConnection->query()
 2 APPPATH/Models/Upload_model.php(17): CodeIgniter\Database\BaseBuilder->insert()
 3 APPPATH/Controllers/Upload.php(32): App\Models\Upload->upload()
 4 SYSTEMPATH/CodeIgniter.php(934): App\Controllers\Upload->upload_file()
 5 SYSTEMPATH/CodeIgniter.php(499): CodeIgniter\CodeIgniter->runController()
 6 SYSTEMPATH/CodeIgniter.php(368): CodeIgniter\CodeIgniter->handleRequest()
 7 FCPATH/index.php(67): CodeIgniter\CodeIgniter->run()
ERROR - 2023-04-10 14:25:38 --> mysqli_sql_exception: Operand should contain 1 column(s) in /var/www/htdocs/demo/system/Database/MySQLi/Connection.php:295
Stack trace:
#0 /var/www/htdocs/demo/system/Database/MySQLi/Connection.php(295): mysqli->query()
#1 /var/www/htdocs/demo/system/Database/BaseConnection.php(691): CodeIgniter\Database\MySQLi\Connection->execute()
#2 /var/www/htdocs/demo/system/Database/BaseConnection.php(605): CodeIgniter\Database\BaseConnection->simpleQuery()
#3 /var/www/htdocs/demo/system/Database/BaseBuilder.php(2309): CodeIgniter\Database\BaseConnection->query()
#4 /var/www/htdocs/demo/app/Models/Upload_model.php(17): CodeIgniter\Database\BaseBuilder->insert()
#5 /var/www/htdocs/demo/app/Controllers/Upload.php(32): App\Models\Upload->upload()
#6 /var/www/htdocs/demo/system/CodeIgniter.php(934): App\Controllers\Upload->upload_file()
#7 /var/www/htdocs/demo/system/CodeIgniter.php(499): CodeIgniter\CodeIgniter->runController()
#8 /var/www/htdocs/demo/system/CodeIgniter.php(368): CodeIgniter\CodeIgniter->handleRequest()
#9 /var/www/htdocs/demo/public/index.php(67): CodeIgniter\CodeIgniter->run()
#10 {main}
CRITICAL - 2023-04-10 14:25:38 --> Operand should contain 1 column(s)
in SYSTEMPATH/Database/BaseConnection.php on line 645.
 1 SYSTEMPATH/Database/BaseBuilder.php(2309): CodeIgniter\Database\BaseConnection->query()
 2 APPPATH/Models/Upload_model.php(17): CodeIgniter\Database\BaseBuilder->insert()
 3 APPPATH/Controllers/Upload.php(32): App\Models\Upload->upload()
 4 SYSTEMPATH/CodeIgniter.php(934): App\Controllers\Upload->upload_file()
 5 SYSTEMPATH/CodeIgniter.php(499): CodeIgniter\CodeIgniter->runController()
 6 SYSTEMPATH/CodeIgniter.php(368): CodeIgniter\CodeIgniter->handleRequest()
 7 FCPATH/index.php(67): CodeIgniter\CodeIgniter->run()
ERROR - 2023-04-10 14:25:48 --> mysqli_sql_exception: Operand should contain 1 column(s) in /var/www/htdocs/demo/system/Database/MySQLi/Connection.php:295
Stack trace:
#0 /var/www/htdocs/demo/system/Database/MySQLi/Connection.php(295): mysqli->query()
#1 /var/www/htdocs/demo/system/Database/BaseConnection.php(691): CodeIgniter\Database\MySQLi\Connection->execute()
#2 /var/www/htdocs/demo/system/Database/BaseConnection.php(605): CodeIgniter\Database\BaseConnection->simpleQuery()
#3 /var/www/htdocs/demo/system/Database/BaseBuilder.php(2309): CodeIgniter\Database\BaseConnection->query()
#4 /var/www/htdocs/demo/app/Models/Upload_model.php(17): CodeIgniter\Database\BaseBuilder->insert()
#5 /var/www/htdocs/demo/app/Controllers/Upload.php(32): App\Models\Upload->upload()
#6 /var/www/htdocs/demo/system/CodeIgniter.php(934): App\Controllers\Upload->upload_file()
#7 /var/www/htdocs/demo/system/CodeIgniter.php(499): CodeIgniter\CodeIgniter->runController()
#8 /var/www/htdocs/demo/system/CodeIgniter.php(368): CodeIgniter\CodeIgniter->handleRequest()
#9 /var/www/htdocs/demo/public/index.php(67): CodeIgniter\CodeIgniter->run()
#10 {main}
CRITICAL - 2023-04-10 14:25:48 --> Operand should contain 1 column(s)
in SYSTEMPATH/Database/BaseConnection.php on line 645.
 1 SYSTEMPATH/Database/BaseBuilder.php(2309): CodeIgniter\Database\BaseConnection->query()
 2 APPPATH/Models/Upload_model.php(17): CodeIgniter\Database\BaseBuilder->insert()
 3 APPPATH/Controllers/Upload.php(32): App\Models\Upload->upload()
 4 SYSTEMPATH/CodeIgniter.php(934): App\Controllers\Upload->upload_file()
 5 SYSTEMPATH/CodeIgniter.php(499): CodeIgniter\CodeIgniter->runController()
 6 SYSTEMPATH/CodeIgniter.php(368): CodeIgniter\CodeIgniter->handleRequest()
 7 FCPATH/index.php(67): CodeIgniter\CodeIgniter->run()
