CRITICAL - 2023-04-21 05:20:23 --> Class "App\Controllers\CourseModel" not found
in APPPATH/Controllers/Searchbox.php on line 22.
 1 SYSTEMPATH/CodeIgniter.php(934): App\Controllers\Searchbox->getItem()
 2 SYSTEMPATH/CodeIgniter.php(499): CodeIgniter\CodeIgniter->runController()
 3 SYSTEMPATH/CodeIgniter.php(368): CodeIgniter\CodeIgniter->handleRequest()
 4 FCPATH/index.php(67): CodeIgniter\CodeIgniter->run()
CRITICAL - 2023-04-21 05:21:07 --> Undefined variable $id
in APPPATH/Controllers/Searchbox.php on line 23.
 1 APPPATH/Controllers/Searchbox.php(23): CodeIgniter\Debug\Exceptions->errorHandler()
 2 SYSTEMPATH/CodeIgniter.php(934): App\Controllers\Searchbox->getItem()
 3 SYSTEMPATH/CodeIgniter.php(499): CodeIgniter\CodeIgniter->runController()
 4 SYSTEMPATH/CodeIgniter.php(368): CodeIgniter\CodeIgniter->handleRequest()
 5 FCPATH/index.php(67): CodeIgniter\CodeIgniter->run()
CRITICAL - 2023-04-21 05:30:49 --> Undefined variable $id
in APPPATH/Controllers/Searchbox.php on line 23.
 1 APPPATH/Controllers/Searchbox.php(23): CodeIgniter\Debug\Exceptions->errorHandler()
 2 SYSTEMPATH/CodeIgniter.php(934): App\Controllers\Searchbox->getItem()
 3 SYSTEMPATH/CodeIgniter.php(499): CodeIgniter\CodeIgniter->runController()
 4 SYSTEMPATH/CodeIgniter.php(368): CodeIgniter\CodeIgniter->handleRequest()
 5 FCPATH/index.php(67): CodeIgniter\CodeIgniter->run()
CRITICAL - 2023-04-21 05:31:24 --> Undefined constant "App\Controllers\this"
in APPPATH/Controllers/Searchbox.php on line 22.
 1 SYSTEMPATH/CodeIgniter.php(934): App\Controllers\Searchbox->getItem()
 2 SYSTEMPATH/CodeIgniter.php(499): CodeIgniter\CodeIgniter->runController()
 3 SYSTEMPATH/CodeIgniter.php(368): CodeIgniter\CodeIgniter->handleRequest()
 4 FCPATH/index.php(67): CodeIgniter\CodeIgniter->run()
CRITICAL - 2023-04-21 05:31:40 --> CodeIgniter\Database\BaseBuilder::like(): Argument #2 ($match) must be of type string, null given, called in /var/www/htdocs/demo/app/Models/Search_model.php on line 13
in SYSTEMPATH/Database/BaseBuilder.php on line 984.
 1 APPPATH/Models/Search_model.php(13): CodeIgniter\Database\BaseBuilder->like()
 2 APPPATH/Controllers/Searchbox.php(24): App\Models\Search_model->getSearchResults()
 3 SYSTEMPATH/CodeIgniter.php(934): App\Controllers\Searchbox->getItem()
 4 SYSTEMPATH/CodeIgniter.php(499): CodeIgniter\CodeIgniter->runController()
 5 SYSTEMPATH/CodeIgniter.php(368): CodeIgniter\CodeIgniter->handleRequest()
 6 FCPATH/index.php(67): CodeIgniter\CodeIgniter->run()
CRITICAL - 2023-04-21 05:31:50 --> CodeIgniter\Database\BaseBuilder::like(): Argument #2 ($match) must be of type string, null given, called in /var/www/htdocs/demo/app/Models/Search_model.php on line 13
in SYSTEMPATH/Database/BaseBuilder.php on line 984.
 1 APPPATH/Models/Search_model.php(13): CodeIgniter\Database\BaseBuilder->like()
 2 APPPATH/Controllers/Searchbox.php(24): App\Models\Search_model->getSearchResults()
 3 SYSTEMPATH/CodeIgniter.php(934): App\Controllers\Searchbox->getItem()
 4 SYSTEMPATH/CodeIgniter.php(499): CodeIgniter\CodeIgniter->runController()
 5 SYSTEMPATH/CodeIgniter.php(368): CodeIgniter\CodeIgniter->handleRequest()
 6 FCPATH/index.php(67): CodeIgniter\CodeIgniter->run()
